  [1m[35m (0.5ms)[0m  [1m[34mSELECT sqlite_version(*)[0m
  ↳ /Users/rajabose/.rvm/gems/ruby-2.5.0/bin/rake:23
  [1m[35m (1.1ms)[0m  [1m[35mCREATE TABLE "schema_migrations" ("version" varchar NOT NULL PRIMARY KEY)[0m
  ↳ /Users/rajabose/.rvm/gems/ruby-2.5.0/bin/rake:23
  [1m[35m (1.0ms)[0m  [1m[35mCREATE TABLE "ar_internal_metadata" ("key" varchar NOT NULL PRIMARY KEY, "value" varchar, "created_at" datetime NOT NULL, "updated_at" datetime NOT NULL)[0m
  ↳ /Users/rajabose/.rvm/gems/ruby-2.5.0/bin/rake:23
  [1m[35m (0.2ms)[0m  [1m[34mSELECT "schema_migrations"."version" FROM "schema_migrations" ORDER BY "schema_migrations"."version" ASC[0m
  ↳ /Users/rajabose/.rvm/gems/ruby-2.5.0/bin/rake:23
Migrating to CreatePosts (20181005084016)
  [1m[35m (0.1ms)[0m  [1m[36mbegin transaction[0m
  ↳ /Users/rajabose/.rvm/gems/ruby-2.5.0/bin/rake:23
  [1m[35m (0.4ms)[0m  [1m[35mCREATE TABLE "posts" ("id" integer PRIMARY KEY AUTOINCREMENT NOT NULL, "content" varchar, "created_at" datetime NOT NULL, "updated_at" datetime NOT NULL)[0m
  ↳ db/migrate/20181005084016_create_posts.rb:3
  [1m[36mActiveRecord::SchemaMigration Create (0.2ms)[0m  [1m[32mINSERT INTO "schema_migrations" ("version") VALUES (?)[0m  [["version", "20181005084016"]]
  ↳ /Users/rajabose/.rvm/gems/ruby-2.5.0/bin/rake:23
  [1m[35m (0.7ms)[0m  [1m[36mcommit transaction[0m
  ↳ /Users/rajabose/.rvm/gems/ruby-2.5.0/bin/rake:23
Migrating to CreateFeeds (20181005084110)
  [1m[35m (0.1ms)[0m  [1m[36mbegin transaction[0m
  ↳ /Users/rajabose/.rvm/gems/ruby-2.5.0/bin/rake:23
  [1m[35m (0.4ms)[0m  [1m[35mCREATE TABLE "feeds" ("id" integer PRIMARY KEY AUTOINCREMENT NOT NULL, "content" varchar, "created_at" datetime NOT NULL, "updated_at" datetime NOT NULL)[0m
  ↳ db/migrate/20181005084110_create_feeds.rb:3
  [1m[36mActiveRecord::SchemaMigration Create (0.2ms)[0m  [1m[32mINSERT INTO "schema_migrations" ("version") VALUES (?)[0m  [["version", "20181005084110"]]
  ↳ /Users/rajabose/.rvm/gems/ruby-2.5.0/bin/rake:23
  [1m[35m (0.6ms)[0m  [1m[36mcommit transaction[0m
  ↳ /Users/rajabose/.rvm/gems/ruby-2.5.0/bin/rake:23
  [1m[36mActiveRecord::InternalMetadata Load (0.2ms)[0m  [1m[34mSELECT  "ar_internal_metadata".* FROM "ar_internal_metadata" WHERE "ar_internal_metadata"."key" = ? LIMIT ?[0m  [["key", "environment"], ["LIMIT", 1]]
  ↳ /Users/rajabose/.rvm/gems/ruby-2.5.0/bin/rake:23
  [1m[35m (0.1ms)[0m  [1m[36mbegin transaction[0m
  ↳ /Users/rajabose/.rvm/gems/ruby-2.5.0/bin/rake:23
  [1m[36mActiveRecord::InternalMetadata Create (0.4ms)[0m  [1m[32mINSERT INTO "ar_internal_metadata" ("key", "value", "created_at", "updated_at") VALUES (?, ?, ?, ?)[0m  [["key", "environment"], ["value", "development"], ["created_at", "2018-10-05 08:43:23.755222"], ["updated_at", "2018-10-05 08:43:23.755222"]]
  ↳ /Users/rajabose/.rvm/gems/ruby-2.5.0/bin/rake:23
  [1m[35m (0.7ms)[0m  [1m[36mcommit transaction[0m
  ↳ /Users/rajabose/.rvm/gems/ruby-2.5.0/bin/rake:23
  [1m[35m (0.1ms)[0m  [1m[34mSELECT "schema_migrations"."version" FROM "schema_migrations" ORDER BY "schema_migrations"."version" ASC[0m
  ↳ /Users/rajabose/.rvm/gems/ruby-2.5.0/bin/rake:23
Started POST "/post" for 127.0.0.1 at 2018-10-05 14:18:44 +0530
  [1m[35m (0.2ms)[0m  [1m[34mSELECT "schema_migrations"."version" FROM "schema_migrations" ORDER BY "schema_migrations"."version" ASC[0m
  ↳ /Users/rajabose/.rvm/gems/ruby-2.5.0/gems/activerecord-5.2.1/lib/active_record/log_subscriber.rb:98
  
ActionController::RoutingError (No route matches [POST] "/post"):
  
actionpack (5.2.1) lib/action_dispatch/middleware/debug_exceptions.rb:65:in `call'
web-console (3.7.0) lib/web_console/middleware.rb:135:in `call_app'
web-console (3.7.0) lib/web_console/middleware.rb:30:in `block in call'
web-console (3.7.0) lib/web_console/middleware.rb:20:in `catch'
web-console (3.7.0) lib/web_console/middleware.rb:20:in `call'
actionpack (5.2.1) lib/action_dispatch/middleware/show_exceptions.rb:33:in `call'
railties (5.2.1) lib/rails/rack/logger.rb:38:in `call_app'
railties (5.2.1) lib/rails/rack/logger.rb:26:in `block in call'
activesupport (5.2.1) lib/active_support/tagged_logging.rb:71:in `block in tagged'
activesupport (5.2.1) lib/active_support/tagged_logging.rb:28:in `tagged'
activesupport (5.2.1) lib/active_support/tagged_logging.rb:71:in `tagged'
railties (5.2.1) lib/rails/rack/logger.rb:26:in `call'
sprockets-rails (3.2.1) lib/sprockets/rails/quiet_assets.rb:13:in `call'
actionpack (5.2.1) lib/action_dispatch/middleware/remote_ip.rb:81:in `call'
actionpack (5.2.1) lib/action_dispatch/middleware/request_id.rb:27:in `call'
rack (2.0.5) lib/rack/method_override.rb:22:in `call'
rack (2.0.5) lib/rack/runtime.rb:22:in `call'
activesupport (5.2.1) lib/active_support/cache/strategy/local_cache_middleware.rb:29:in `call'
actionpack (5.2.1) lib/action_dispatch/middleware/executor.rb:14:in `call'
actionpack (5.2.1) lib/action_dispatch/middleware/static.rb:127:in `call'
rack (2.0.5) lib/rack/sendfile.rb:111:in `call'
railties (5.2.1) lib/rails/engine.rb:524:in `call'
puma (3.12.0) lib/puma/configuration.rb:225:in `call'
puma (3.12.0) lib/puma/server.rb:658:in `handle_request'
puma (3.12.0) lib/puma/server.rb:472:in `process_client'
puma (3.12.0) lib/puma/server.rb:332:in `block in run'
puma (3.12.0) lib/puma/thread_pool.rb:133:in `block in spawn_thread'
Started POST "/post" for 127.0.0.1 at 2018-10-05 14:20:26 +0530
  [1m[35m (0.1ms)[0m  [1m[34mSELECT "schema_migrations"."version" FROM "schema_migrations" ORDER BY "schema_migrations"."version" ASC[0m
  ↳ /Users/rajabose/.rvm/gems/ruby-2.5.0/gems/activerecord-5.2.1/lib/active_record/log_subscriber.rb:98
Processing by PostController#create as */*
  Parameters: {"post"=>{"content"=>"first team"}}
Can't verify CSRF token authenticity.
Completed 422 Unprocessable Entity in 1ms (ActiveRecord: 0.0ms)


  
ActionController::InvalidAuthenticityToken (ActionController::InvalidAuthenticityToken):
  
actionpack (5.2.1) lib/action_controller/metal/request_forgery_protection.rb:211:in `handle_unverified_request'
actionpack (5.2.1) lib/action_controller/metal/request_forgery_protection.rb:243:in `handle_unverified_request'
actionpack (5.2.1) lib/action_controller/metal/request_forgery_protection.rb:238:in `verify_authenticity_token'
activesupport (5.2.1) lib/active_support/callbacks.rb:426:in `block in make_lambda'
activesupport (5.2.1) lib/active_support/callbacks.rb:198:in `block (2 levels) in halting'
actionpack (5.2.1) lib/abstract_controller/callbacks.rb:34:in `block (2 levels) in <module:Callbacks>'
activesupport (5.2.1) lib/active_support/callbacks.rb:199:in `block in halting'
activesupport (5.2.1) lib/active_support/callbacks.rb:513:in `block in invoke_before'
activesupport (5.2.1) lib/active_support/callbacks.rb:513:in `each'
activesupport (5.2.1) lib/active_support/callbacks.rb:513:in `invoke_before'
activesupport (5.2.1) lib/active_support/callbacks.rb:131:in `run_callbacks'
actionpack (5.2.1) lib/abstract_controller/callbacks.rb:41:in `process_action'
actionpack (5.2.1) lib/action_controller/metal/rescue.rb:22:in `process_action'
actionpack (5.2.1) lib/action_controller/metal/instrumentation.rb:34:in `block in process_action'
activesupport (5.2.1) lib/active_support/notifications.rb:168:in `block in instrument'
activesupport (5.2.1) lib/active_support/notifications/instrumenter.rb:23:in `instrument'
activesupport (5.2.1) lib/active_support/notifications.rb:168:in `instrument'
actionpack (5.2.1) lib/action_controller/metal/instrumentation.rb:32:in `process_action'
actionpack (5.2.1) lib/action_controller/metal/params_wrapper.rb:256:in `process_action'
activerecord (5.2.1) lib/active_record/railties/controller_runtime.rb:24:in `process_action'
actionpack (5.2.1) lib/abstract_controller/base.rb:134:in `process'
actionview (5.2.1) lib/action_view/rendering.rb:32:in `process'
actionpack (5.2.1) lib/action_controller/metal.rb:191:in `dispatch'
actionpack (5.2.1) lib/action_controller/metal.rb:252:in `dispatch'
actionpack (5.2.1) lib/action_dispatch/routing/route_set.rb:52:in `dispatch'
actionpack (5.2.1) lib/action_dispatch/routing/route_set.rb:34:in `serve'
actionpack (5.2.1) lib/action_dispatch/journey/router.rb:52:in `block in serve'
actionpack (5.2.1) lib/action_dispatch/journey/router.rb:35:in `each'
actionpack (5.2.1) lib/action_dispatch/journey/router.rb:35:in `serve'
actionpack (5.2.1) lib/action_dispatch/routing/route_set.rb:840:in `call'
rack (2.0.5) lib/rack/tempfile_reaper.rb:15:in `call'
rack (2.0.5) lib/rack/etag.rb:25:in `call'
rack (2.0.5) lib/rack/conditional_get.rb:38:in `call'
rack (2.0.5) lib/rack/head.rb:12:in `call'
actionpack (5.2.1) lib/action_dispatch/http/content_security_policy.rb:18:in `call'
rack (2.0.5) lib/rack/session/abstract/id.rb:232:in `context'
rack (2.0.5) lib/rack/session/abstract/id.rb:226:in `call'
actionpack (5.2.1) lib/action_dispatch/middleware/cookies.rb:670:in `call'
activerecord (5.2.1) lib/active_record/migration.rb:559:in `call'
actionpack (5.2.1) lib/action_dispatch/middleware/callbacks.rb:28:in `block in call'
activesupport (5.2.1) lib/active_support/callbacks.rb:98:in `run_callbacks'
actionpack (5.2.1) lib/action_dispatch/middleware/callbacks.rb:26:in `call'
actionpack (5.2.1) lib/action_dispatch/middleware/executor.rb:14:in `call'
actionpack (5.2.1) lib/action_dispatch/middleware/debug_exceptions.rb:61:in `call'
web-console (3.7.0) lib/web_console/middleware.rb:135:in `call_app'
web-console (3.7.0) lib/web_console/middleware.rb:30:in `block in call'
web-console (3.7.0) lib/web_console/middleware.rb:20:in `catch'
web-console (3.7.0) lib/web_console/middleware.rb:20:in `call'
actionpack (5.2.1) lib/action_dispatch/middleware/show_exceptions.rb:33:in `call'
railties (5.2.1) lib/rails/rack/logger.rb:38:in `call_app'
railties (5.2.1) lib/rails/rack/logger.rb:26:in `block in call'
activesupport (5.2.1) lib/active_support/tagged_logging.rb:71:in `block in tagged'
activesupport (5.2.1) lib/active_support/tagged_logging.rb:28:in `tagged'
activesupport (5.2.1) lib/active_support/tagged_logging.rb:71:in `tagged'
railties (5.2.1) lib/rails/rack/logger.rb:26:in `call'
sprockets-rails (3.2.1) lib/sprockets/rails/quiet_assets.rb:13:in `call'
actionpack (5.2.1) lib/action_dispatch/middleware/remote_ip.rb:81:in `call'
actionpack (5.2.1) lib/action_dispatch/middleware/request_id.rb:27:in `call'
rack (2.0.5) lib/rack/method_override.rb:22:in `call'
rack (2.0.5) lib/rack/runtime.rb:22:in `call'
activesupport (5.2.1) lib/active_support/cache/strategy/local_cache_middleware.rb:29:in `call'
actionpack (5.2.1) lib/action_dispatch/middleware/executor.rb:14:in `call'
actionpack (5.2.1) lib/action_dispatch/middleware/static.rb:127:in `call'
rack (2.0.5) lib/rack/sendfile.rb:111:in `call'
railties (5.2.1) lib/rails/engine.rb:524:in `call'
puma (3.12.0) lib/puma/configuration.rb:225:in `call'
puma (3.12.0) lib/puma/server.rb:658:in `handle_request'
puma (3.12.0) lib/puma/server.rb:472:in `process_client'
puma (3.12.0) lib/puma/server.rb:332:in `block in run'
puma (3.12.0) lib/puma/thread_pool.rb:133:in `block in spawn_thread'
Started POST "/post" for 127.0.0.1 at 2018-10-05 14:22:17 +0530
Processing by PostController#create as */*
  Parameters: {"post"=>{"content"=>"first team"}}
Completed 500 Internal Server Error in 1ms (ActiveRecord: 0.0ms)


  
ArgumentError (wrong number of arguments (given 1, expected 0)):
  
app/controllers/post_controller.rb:6:in `create'
Started POST "/post" for 127.0.0.1 at 2018-10-05 14:25:19 +0530
  
ActionController::RoutingError (uninitialized constant ApiController):
  
app/controllers/post_controller.rb:1:in `<main>'
Started POST "/post" for 127.0.0.1 at 2018-10-05 14:28:32 +0530
Processing by PostController#create as */*
  Parameters: {"post"=>{"content"=>"first team"}}
Unpermitted parameter: :post
  [1m[35m (0.1ms)[0m  [1m[36mbegin transaction[0m
  ↳ app/controllers/post_controller.rb:6
  [1m[36mPost Create (0.4ms)[0m  [1m[32mINSERT INTO "posts" ("created_at", "updated_at") VALUES (?, ?)[0m  [["created_at", "2018-10-05 08:58:32.627094"], ["updated_at", "2018-10-05 08:58:32.627094"]]
  ↳ app/controllers/post_controller.rb:6
  [1m[35m (0.7ms)[0m  [1m[36mcommit transaction[0m
  ↳ app/controllers/post_controller.rb:6
  [1m[35m (0.1ms)[0m  [1m[36mbegin transaction[0m
  ↳ app/controllers/post_controller.rb:7
  [1m[35m (0.0ms)[0m  [1m[36mcommit transaction[0m
  ↳ app/controllers/post_controller.rb:7
Completed 500 Internal Server Error in 11ms (ActiveRecord: 1.9ms)


  
ArgumentError (A copy of FeedListener has been removed from the module tree but is still active!):
  
app/listener/feed_listener.rb:4:in `post_create'
app/controllers/post_controller.rb:9:in `create'
Started POST "/post" for 127.0.0.1 at 2018-10-05 14:29:12 +0530
Processing by PostController#create as */*
  Parameters: {"post"=>{"content"=>"first team"}}
Unpermitted parameter: :post
  [1m[35m (0.1ms)[0m  [1m[36mbegin transaction[0m
  ↳ app/controllers/post_controller.rb:6
  [1m[36mPost Create (0.4ms)[0m  [1m[32mINSERT INTO "posts" ("created_at", "updated_at") VALUES (?, ?)[0m  [["created_at", "2018-10-05 08:59:12.214203"], ["updated_at", "2018-10-05 08:59:12.214203"]]
  ↳ app/controllers/post_controller.rb:6
  [1m[35m (1.1ms)[0m  [1m[36mcommit transaction[0m
  ↳ app/controllers/post_controller.rb:6
Completed 500 Internal Server Error in 10ms (ActiveRecord: 2.2ms)


  
ArgumentError (A copy of FeedListener has been removed from the module tree but is still active!):
  
app/listener/feed_listener.rb:4:in `post_create'
app/controllers/post_controller.rb:9:in `create'
  [1m[36mPost Load (1.7ms)[0m  [1m[34mSELECT  "posts".* FROM "posts" LIMIT ?[0m  [["LIMIT", 11]]
  [1m[36mFeed Load (0.2ms)[0m  [1m[34mSELECT  "feeds".* FROM "feeds" LIMIT ?[0m  [["LIMIT", 11]]
Started POST "/post" for 127.0.0.1 at 2018-10-05 14:33:43 +0530
  
SyntaxError (/Users/rajabose/native-project/pubsub/app/controllers/post_controller.rb:10: syntax error, unexpected ','
...  render json: {post: @post}, , status: :created
...                              ^):
  
app/controllers/post_controller.rb:10: syntax error, unexpected ','
Started POST "/post" for 127.0.0.1 at 2018-10-05 14:34:07 +0530
Processing by PostController#create as */*
  Parameters: {"post"=>{"content"=>"first team"}}
Unpermitted parameter: :post
  [1m[35m (0.0ms)[0m  [1m[36mbegin transaction[0m
  ↳ app/controllers/post_controller.rb:6
  [1m[36mPost Create (0.3ms)[0m  [1m[32mINSERT INTO "posts" ("created_at", "updated_at") VALUES (?, ?)[0m  [["created_at", "2018-10-05 09:04:08.006455"], ["updated_at", "2018-10-05 09:04:08.006455"]]
  ↳ app/controllers/post_controller.rb:6
  [1m[35m (0.8ms)[0m  [1m[36mcommit transaction[0m
  ↳ app/controllers/post_controller.rb:6
Completed 500 Internal Server Error in 8ms (ActiveRecord: 1.6ms)


  
ArgumentError (A copy of FeedListener has been removed from the module tree but is still active!):
  
app/listener/feed_listener.rb:4:in `post_create'
app/controllers/post_controller.rb:9:in `create'
Started POST "/post" for 127.0.0.1 at 2018-10-05 14:35:29 +0530
Processing by PostController#create as */*
  Parameters: {"post"=>{"content"=>"first team"}}
Unpermitted parameter: :post
  [1m[35m (0.1ms)[0m  [1m[36mbegin transaction[0m
  ↳ app/controllers/post_controller.rb:6
  [1m[36mPost Create (0.3ms)[0m  [1m[32mINSERT INTO "posts" ("created_at", "updated_at") VALUES (?, ?)[0m  [["created_at", "2018-10-05 09:05:29.533573"], ["updated_at", "2018-10-05 09:05:29.533573"]]
  ↳ app/controllers/post_controller.rb:6
  [1m[35m (0.9ms)[0m  [1m[36mcommit transaction[0m
  ↳ app/controllers/post_controller.rb:6
Completed 500 Internal Server Error in 17ms (ActiveRecord: 3.3ms)


  
ArgumentError (A copy of FeedListener has been removed from the module tree but is still active!):
  
app/listener/feed_listener.rb:4:in `post_create'
app/controllers/post_controller.rb:9:in `create'
Started POST "/post" for 127.0.0.1 at 2018-10-05 14:36:14 +0530
  [1m[35m (0.2ms)[0m  [1m[34mSELECT "schema_migrations"."version" FROM "schema_migrations" ORDER BY "schema_migrations"."version" ASC[0m
  ↳ /Users/rajabose/.rvm/gems/ruby-2.5.0/gems/activerecord-5.2.1/lib/active_record/log_subscriber.rb:98
Processing by PostController#create as */*
  Parameters: {"post"=>{"content"=>"first team"}}
Unpermitted parameter: :post
  [1m[35m (0.1ms)[0m  [1m[36mbegin transaction[0m
  ↳ app/controllers/post_controller.rb:6
  [1m[36mPost Create (0.5ms)[0m  [1m[32mINSERT INTO "posts" ("created_at", "updated_at") VALUES (?, ?)[0m  [["created_at", "2018-10-05 09:06:15.020911"], ["updated_at", "2018-10-05 09:06:15.020911"]]
  ↳ app/controllers/post_controller.rb:6
  [1m[35m (1.1ms)[0m  [1m[36mcommit transaction[0m
  ↳ app/controllers/post_controller.rb:6
Completed 500 Internal Server Error in 27ms (ActiveRecord: 2.7ms)


  
ArgumentError (When assigning attributes, you must pass a hash as an argument.):
  
app/listener/feed_listener.rb:5:in `post_create'
app/controllers/post_controller.rb:9:in `create'
Started POST "/post" for 127.0.0.1 at 2018-10-05 14:36:51 +0530
Processing by PostController#create as */*
  Parameters: {"post"=>{"content"=>"first team"}}
Unpermitted parameter: :post
  [1m[35m (0.1ms)[0m  [1m[36mbegin transaction[0m
  ↳ app/controllers/post_controller.rb:6
  [1m[36mPost Create (0.3ms)[0m  [1m[32mINSERT INTO "posts" ("created_at", "updated_at") VALUES (?, ?)[0m  [["created_at", "2018-10-05 09:07:01.739892"], ["updated_at", "2018-10-05 09:07:01.739892"]]
  ↳ app/controllers/post_controller.rb:6
  [1m[35m (0.6ms)[0m  [1m[36mcommit transaction[0m
  ↳ app/controllers/post_controller.rb:6
Completed 500 Internal Server Error in 9ms (ActiveRecord: 1.7ms)


  
ArgumentError (A copy of FeedListener has been removed from the module tree but is still active!):
  
app/listener/feed_listener.rb:5:in `post_create'
app/controllers/post_controller.rb:9:in `create'
Started POST "/post" for 127.0.0.1 at 2018-10-05 14:38:16 +0530
Processing by PostController#create as */*
  Parameters: {"post"=>{"content"=>"first team"}}
Unpermitted parameter: :post
  [1m[35m (0.0ms)[0m  [1m[36mbegin transaction[0m
  ↳ app/controllers/post_controller.rb:6
  [1m[36mPost Create (0.3ms)[0m  [1m[32mINSERT INTO "posts" ("created_at", "updated_at") VALUES (?, ?)[0m  [["created_at", "2018-10-05 09:08:16.988260"], ["updated_at", "2018-10-05 09:08:16.988260"]]
  ↳ app/controllers/post_controller.rb:6
  [1m[35m (0.7ms)[0m  [1m[36mcommit transaction[0m
  ↳ app/controllers/post_controller.rb:6
Unpermitted parameter: :post
Completed 500 Internal Server Error in 8ms (ActiveRecord: 1.6ms)


  
ArgumentError (A copy of FeedListener has been removed from the module tree but is still active!):
  
app/listener/feed_listener.rb:5:in `post_create'
app/controllers/post_controller.rb:9:in `create'
  [1m[36mPost Load (0.5ms)[0m  [1m[34mSELECT  "posts".* FROM "posts" LIMIT ?[0m  [["LIMIT", 11]]
Started POST "/post" for 127.0.0.1 at 2018-10-05 14:39:52 +0530
Processing by PostController#create as */*
  Parameters: {"post"=>{"content"=>"first team"}}
Completed 500 Internal Server Error in 10ms (ActiveRecord: 0.9ms)


  
ActiveModel::UnknownAttributeError (unknown attribute 'post' for Post.):
  
app/controllers/post_controller.rb:6:in `create'
Started POST "/post" for 127.0.0.1 at 2018-10-05 14:41:13 +0530
  
SyntaxError (/Users/rajabose/native-project/pubsub/app/controllers/post_controller.rb:7: syntax error, unexpected keyword_if, expecting ')'
    if @post.present?
    ^~):
  
app/controllers/post_controller.rb:7: syntax error, unexpected keyword_if, expecting ')'
Started POST "/post" for 127.0.0.1 at 2018-10-05 14:41:55 +0530
Processing by PostController#create as */*
  Parameters: {"content"=>"first team", "post"=>{"content"=>"first team"}}
Unpermitted parameter: :post
  [1m[35m (0.1ms)[0m  [1m[36mbegin transaction[0m
  ↳ app/controllers/post_controller.rb:6
  [1m[36mPost Create (0.3ms)[0m  [1m[32mINSERT INTO "posts" ("content", "created_at", "updated_at") VALUES (?, ?, ?)[0m  [["content", "first team"], ["created_at", "2018-10-05 09:11:55.464709"], ["updated_at", "2018-10-05 09:11:55.464709"]]
  ↳ app/controllers/post_controller.rb:6
  [1m[35m (0.7ms)[0m  [1m[36mcommit transaction[0m
  ↳ app/controllers/post_controller.rb:6
Unpermitted parameter: :post
Completed 500 Internal Server Error in 10ms (ActiveRecord: 2.8ms)


  
ArgumentError (A copy of FeedListener has been removed from the module tree but is still active!):
  
app/listener/feed_listener.rb:5:in `post_create'
app/controllers/post_controller.rb:9:in `create'
  [1m[36mPost Load (0.2ms)[0m  [1m[34mSELECT  "posts".* FROM "posts" ORDER BY "posts"."id" DESC LIMIT ?[0m  [["LIMIT", 1]]
  [1m[36mFeed Load (0.2ms)[0m  [1m[34mSELECT  "feeds".* FROM "feeds" ORDER BY "feeds"."id" DESC LIMIT ?[0m  [["LIMIT", 1]]
  [1m[36mFeed Load (0.3ms)[0m  [1m[34mSELECT  "feeds".* FROM "feeds" LIMIT ?[0m  [["LIMIT", 11]]
Started POST "/post" for 127.0.0.1 at 2018-10-05 14:43:13 +0530
Processing by PostController#create as */*
  Parameters: {"content"=>"first team", "post"=>{"content"=>"first team"}}
Unpermitted parameter: :post
  [1m[35m (0.1ms)[0m  [1m[36mbegin transaction[0m
  ↳ app/controllers/post_controller.rb:6
  [1m[36mPost Create (0.4ms)[0m  [1m[32mINSERT INTO "posts" ("content", "created_at", "updated_at") VALUES (?, ?, ?)[0m  [["content", "first team"], ["created_at", "2018-10-05 09:13:13.540572"], ["updated_at", "2018-10-05 09:13:13.540572"]]
  ↳ app/controllers/post_controller.rb:6
  [1m[35m (1.2ms)[0m  [1m[36mcommit transaction[0m
  ↳ app/controllers/post_controller.rb:6
Unpermitted parameter: :post
Completed 500 Internal Server Error in 5ms (ActiveRecord: 1.7ms)


  
ArgumentError (A copy of FeedListener has been removed from the module tree but is still active!):
  
app/listener/feed_listener.rb:5:in `post_create'
app/controllers/post_controller.rb:9:in `create'
Started POST "/post" for 127.0.0.1 at 2018-10-05 14:43:53 +0530
Processing by PostController#create as */*
  Parameters: {"content"=>"first team", "post"=>{"content"=>"first team"}}
Unpermitted parameter: :post
  [1m[35m (0.1ms)[0m  [1m[36mbegin transaction[0m
  ↳ app/controllers/post_controller.rb:6
  [1m[36mPost Create (0.3ms)[0m  [1m[32mINSERT INTO "posts" ("content", "created_at", "updated_at") VALUES (?, ?, ?)[0m  [["content", "first team"], ["created_at", "2018-10-05 09:13:53.627347"], ["updated_at", "2018-10-05 09:13:53.627347"]]
  ↳ app/controllers/post_controller.rb:6
  [1m[35m (0.8ms)[0m  [1m[36mcommit transaction[0m
  ↳ app/controllers/post_controller.rb:6
Completed 500 Internal Server Error in 7ms (ActiveRecord: 1.7ms)


  
ArgumentError (A copy of FeedListener has been removed from the module tree but is still active!):
  
app/listener/feed_listener.rb:5:in `post_create'
app/controllers/post_controller.rb:9:in `create'
Started POST "/post" for 127.0.0.1 at 2018-10-05 14:44:53 +0530
  [1m[35m (0.1ms)[0m  [1m[34mSELECT "schema_migrations"."version" FROM "schema_migrations" ORDER BY "schema_migrations"."version" ASC[0m
  ↳ /Users/rajabose/.rvm/gems/ruby-2.5.0/gems/activerecord-5.2.1/lib/active_record/log_subscriber.rb:98
Processing by PostController#create as */*
  Parameters: {"content"=>"first team", "post"=>{"content"=>"first team"}}
Unpermitted parameter: :post
  [1m[35m (0.1ms)[0m  [1m[36mbegin transaction[0m
  ↳ app/controllers/post_controller.rb:6
  [1m[36mPost Create (0.7ms)[0m  [1m[32mINSERT INTO "posts" ("content", "created_at", "updated_at") VALUES (?, ?, ?)[0m  [["content", "first team"], ["created_at", "2018-10-05 09:14:53.405226"], ["updated_at", "2018-10-05 09:14:53.405226"]]
  ↳ app/controllers/post_controller.rb:6
  [1m[35m (1.5ms)[0m  [1m[36mcommit transaction[0m
  ↳ app/controllers/post_controller.rb:6
  [1m[35m (0.1ms)[0m  [1m[36mbegin transaction[0m
  ↳ app/listener/feed_listener.rb:5
  [1m[36mFeed Create (0.4ms)[0m  [1m[32mINSERT INTO "feeds" ("content", "created_at", "updated_at") VALUES (?, ?, ?)[0m  [["content", "first team"], ["created_at", "2018-10-05 09:14:53.415340"], ["updated_at", "2018-10-05 09:14:53.415340"]]
  ↳ app/listener/feed_listener.rb:5
  [1m[35m (0.8ms)[0m  [1m[36mcommit transaction[0m
  ↳ app/listener/feed_listener.rb:5
Completed 201 Created in 30ms (Views: 1.1ms | ActiveRecord: 4.7ms)


  [1m[36mFeed Load (0.2ms)[0m  [1m[34mSELECT  "feeds".* FROM "feeds" ORDER BY "feeds"."id" DESC LIMIT ?[0m  [["LIMIT", 1]]
Started POST "/post" for 127.0.0.1 at 2018-10-05 15:26:38 +0530
  [1m[35m (0.2ms)[0m  [1m[34mSELECT "schema_migrations"."version" FROM "schema_migrations" ORDER BY "schema_migrations"."version" ASC[0m
  ↳ /Users/rajabose/.rvm/gems/ruby-2.5.0/gems/activerecord-5.2.1/lib/active_record/log_subscriber.rb:98
Processing by PostController#create as */*
  Parameters: {"content"=>"first team", "post"=>{"content"=>"first team"}}
Unpermitted parameter: :post
  [1m[35m (0.1ms)[0m  [1m[36mbegin transaction[0m
  ↳ app/controllers/post_controller.rb:6
  [1m[36mPost Create (1.3ms)[0m  [1m[32mINSERT INTO "posts" ("content", "created_at", "updated_at") VALUES (?, ?, ?)[0m  [["content", "first team"], ["created_at", "2018-10-05 09:56:38.506443"], ["updated_at", "2018-10-05 09:56:38.506443"]]
  ↳ app/controllers/post_controller.rb:6
  [1m[35m (1.1ms)[0m  [1m[36mcommit transaction[0m
  ↳ app/controllers/post_controller.rb:6
Completed 201 Created in 57ms (Views: 0.5ms | ActiveRecord: 3.4ms)


  [1m[36mFeed Load (0.5ms)[0m  [1m[34mSELECT  "feeds".* FROM "feeds" ORDER BY "feeds"."id" DESC LIMIT ?[0m  [["LIMIT", 1]]
Started POST "/post" for 127.0.0.1 at 2018-10-05 15:47:55 +0530
  [1m[35m (0.2ms)[0m  [1m[34mSELECT "schema_migrations"."version" FROM "schema_migrations" ORDER BY "schema_migrations"."version" ASC[0m
  ↳ /Users/rajabose/.rvm/gems/ruby-2.5.0/gems/activerecord-5.2.1/lib/active_record/log_subscriber.rb:98
Processing by PostController#create as */*
  Parameters: {"content"=>"first team", "post"=>{"content"=>"first team"}}
Unpermitted parameter: :post
  [1m[35m (0.1ms)[0m  [1m[36mbegin transaction[0m
  ↳ app/controllers/post_controller.rb:6
  [1m[36mPost Create (0.4ms)[0m  [1m[32mINSERT INTO "posts" ("content", "created_at", "updated_at") VALUES (?, ?, ?)[0m  [["content", "first team"], ["created_at", "2018-10-05 10:17:56.218666"], ["updated_at", "2018-10-05 10:17:56.218666"]]
  ↳ app/controllers/post_controller.rb:6
  [1m[35m (1.0ms)[0m  [1m[36mcommit transaction[0m
  ↳ app/controllers/post_controller.rb:6
Completed 201 Created in 21ms (Views: 0.9ms | ActiveRecord: 2.1ms)


  [1m[36mFeed Load (0.2ms)[0m  [1m[34mSELECT  "feeds".* FROM "feeds" ORDER BY "feeds"."id" DESC LIMIT ?[0m  [["LIMIT", 1]]
Started POST "/post" for 127.0.0.1 at 2018-10-05 16:27:43 +0530
Processing by PostController#create as */*
  Parameters: {"content"=>"first team", "post"=>{"content"=>"first team"}}
Unpermitted parameter: :post
  [1m[35m (0.3ms)[0m  [1m[36mbegin transaction[0m
  ↳ app/controllers/post_controller.rb:6
  [1m[36mPost Create (0.5ms)[0m  [1m[32mINSERT INTO "posts" ("content", "created_at", "updated_at") VALUES (?, ?, ?)[0m  [["content", "first team"], ["created_at", "2018-10-05 10:57:43.959372"], ["updated_at", "2018-10-05 10:57:43.959372"]]
  ↳ app/controllers/post_controller.rb:6
  [1m[35m (2.6ms)[0m  [1m[36mcommit transaction[0m
  ↳ app/controllers/post_controller.rb:6
Completed 201 Created in 9ms (Views: 0.4ms | ActiveRecord: 3.4ms)


  [1m[36mFeed Load (0.2ms)[0m  [1m[34mSELECT  "feeds".* FROM "feeds" ORDER BY "feeds"."id" DESC LIMIT ?[0m  [["LIMIT", 1]]
  [1m[36mFeed Load (0.2ms)[0m  [1m[34mSELECT  "feeds".* FROM "feeds" ORDER BY "feeds"."id" DESC LIMIT ?[0m  [["LIMIT", 1]]
  [1m[36mFeed Load (0.2ms)[0m  [1m[34mSELECT  "feeds".* FROM "feeds" ORDER BY "feeds"."id" DESC LIMIT ?[0m  [["LIMIT", 1]]
  [1m[36mFeed Load (0.2ms)[0m  [1m[34mSELECT  "feeds".* FROM "feeds" LIMIT ?[0m  [["LIMIT", 11]]
Started POST "/post" for 127.0.0.1 at 2018-10-05 16:34:18 +0530
Processing by PostController#create as */*
  Parameters: {"content"=>"first team", "post"=>{"content"=>"first team"}}
Unpermitted parameter: :post
  [1m[35m (0.1ms)[0m  [1m[36mbegin transaction[0m
  ↳ app/controllers/post_controller.rb:6
  [1m[36mPost Create (0.5ms)[0m  [1m[32mINSERT INTO "posts" ("content", "created_at", "updated_at") VALUES (?, ?, ?)[0m  [["content", "first team"], ["created_at", "2018-10-05 11:04:18.890330"], ["updated_at", "2018-10-05 11:04:18.890330"]]
  ↳ app/controllers/post_controller.rb:6
  [1m[35m (1.0ms)[0m  [1m[36mcommit transaction[0m
  ↳ app/controllers/post_controller.rb:6
Completed 201 Created in 11ms (Views: 1.4ms | ActiveRecord: 1.6ms)


  [1m[36mFeed Load (0.1ms)[0m  [1m[34mSELECT  "feeds".* FROM "feeds" ORDER BY "feeds"."id" DESC LIMIT ?[0m  [["LIMIT", 1]]
  [1m[36mFeed Load (0.2ms)[0m  [1m[34mSELECT  "feeds".* FROM "feeds" ORDER BY "feeds"."id" DESC LIMIT ?[0m  [["LIMIT", 1]]
  [1m[36mFeed Load (0.1ms)[0m  [1m[34mSELECT  "feeds".* FROM "feeds" ORDER BY "feeds"."id" DESC LIMIT ?[0m  [["LIMIT", 1]]
Started POST "/post" for 127.0.0.1 at 2018-10-05 16:49:04 +0530
Processing by PostController#create as */*
  Parameters: {"content"=>"first team", "post"=>{"content"=>"first team"}}
Unpermitted parameter: :post
  [1m[35m (0.1ms)[0m  [1m[36mbegin transaction[0m
  ↳ app/controllers/post_controller.rb:6
  [1m[36mPost Create (0.3ms)[0m  [1m[32mINSERT INTO "posts" ("content", "created_at", "updated_at") VALUES (?, ?, ?)[0m  [["content", "first team"], ["created_at", "2018-10-05 11:19:14.851115"], ["updated_at", "2018-10-05 11:19:14.851115"]]
  ↳ app/controllers/post_controller.rb:6
  [1m[35m (0.8ms)[0m  [1m[36mcommit transaction[0m
  ↳ app/controllers/post_controller.rb:6
Completed 201 Created in 9ms (Views: 0.3ms | ActiveRecord: 1.9ms)


  [1m[36mFeed Load (0.1ms)[0m  [1m[34mSELECT  "feeds".* FROM "feeds" ORDER BY "feeds"."id" DESC LIMIT ?[0m  [["LIMIT", 1]]
  [1m[36mFeed Load (0.2ms)[0m  [1m[34mSELECT  "feeds".* FROM "feeds" ORDER BY "feeds"."id" DESC LIMIT ?[0m  [["LIMIT", 1]]
  [1m[36mFeed Load (0.3ms)[0m  [1m[34mSELECT  "feeds".* FROM "feeds" ORDER BY "feeds"."id" DESC LIMIT ?[0m  [["LIMIT", 1]]
  [1m[36mFeed Load (0.1ms)[0m  [1m[34mSELECT  "feeds".* FROM "feeds" ORDER BY "feeds"."id" DESC LIMIT ?[0m  [["LIMIT", 1]]
Started POST "/post" for 127.0.0.1 at 2018-10-05 17:00:50 +0530
Processing by PostController#create as */*
  Parameters: {"content"=>"first team", "post"=>{"content"=>"first team"}}
Unpermitted parameter: :post
  [1m[35m (0.0ms)[0m  [1m[36mbegin transaction[0m
  ↳ app/controllers/post_controller.rb:6
  [1m[36mPost Create (0.4ms)[0m  [1m[32mINSERT INTO "posts" ("content", "created_at", "updated_at") VALUES (?, ?, ?)[0m  [["content", "first team"], ["created_at", "2018-10-05 11:30:50.443694"], ["updated_at", "2018-10-05 11:30:50.443694"]]
  ↳ app/controllers/post_controller.rb:6
  [1m[35m (1.7ms)[0m  [1m[36mcommit transaction[0m
  ↳ app/controllers/post_controller.rb:6
Completed 201 Created in 31ms (Views: 0.7ms | ActiveRecord: 3.2ms)


  [1m[36mFeed Load (0.1ms)[0m  [1m[34mSELECT  "feeds".* FROM "feeds" ORDER BY "feeds"."id" DESC LIMIT ?[0m  [["LIMIT", 1]]
Started POST "/post" for 127.0.0.1 at 2018-10-05 17:07:52 +0530
Processing by PostController#create as */*
  Parameters: {"content"=>"first team", "post"=>{"content"=>"first team"}}
Unpermitted parameter: :post
  [1m[35m (0.1ms)[0m  [1m[36mbegin transaction[0m
  ↳ app/controllers/post_controller.rb:6
  [1m[36mPost Create (0.3ms)[0m  [1m[32mINSERT INTO "posts" ("content", "created_at", "updated_at") VALUES (?, ?, ?)[0m  [["content", "first team"], ["created_at", "2018-10-05 11:37:52.922892"], ["updated_at", "2018-10-05 11:37:52.922892"]]
  ↳ app/controllers/post_controller.rb:6
  [1m[35m (0.8ms)[0m  [1m[36mcommit transaction[0m
  ↳ app/controllers/post_controller.rb:6
Completed 201 Created in 9ms (Views: 0.3ms | ActiveRecord: 1.8ms)


Started POST "/post" for 127.0.0.1 at 2018-10-05 17:15:32 +0530
Processing by PostController#create as */*
  Parameters: {"content"=>"first team", "post"=>{"content"=>"first team"}}
Unpermitted parameter: :post
  [1m[35m (0.1ms)[0m  [1m[36mbegin transaction[0m
  ↳ app/controllers/post_controller.rb:6
  [1m[36mPost Create (0.7ms)[0m  [1m[32mINSERT INTO "posts" ("content", "created_at", "updated_at") VALUES (?, ?, ?)[0m  [["content", "first team"], ["created_at", "2018-10-05 11:45:32.915668"], ["updated_at", "2018-10-05 11:45:32.915668"]]
  ↳ app/controllers/post_controller.rb:6
  [1m[35m (2.2ms)[0m  [1m[36mcommit transaction[0m
  ↳ app/controllers/post_controller.rb:6
Completed 201 Created in 8ms (Views: 0.5ms | ActiveRecord: 2.9ms)


Started POST "/post" for 127.0.0.1 at 2018-10-05 17:19:18 +0530
Processing by PostController#create as */*
  Parameters: {"content"=>"first team", "post"=>{"content"=>"first team"}}
Unpermitted parameter: :post
  [1m[35m (0.1ms)[0m  [1m[36mbegin transaction[0m
  ↳ app/controllers/post_controller.rb:6
  [1m[36mPost Create (0.6ms)[0m  [1m[32mINSERT INTO "posts" ("content", "created_at", "updated_at") VALUES (?, ?, ?)[0m  [["content", "first team"], ["created_at", "2018-10-05 11:49:18.476465"], ["updated_at", "2018-10-05 11:49:18.476465"]]
  ↳ app/controllers/post_controller.rb:6
  [1m[35m (1.6ms)[0m  [1m[36mcommit transaction[0m
  ↳ app/controllers/post_controller.rb:6
Completed 201 Created in 7ms (Views: 0.5ms | ActiveRecord: 2.3ms)


Started POST "/post" for 127.0.0.1 at 2018-10-05 17:21:26 +0530
Processing by PostController#create as */*
  Parameters: {"content"=>"first team", "post"=>{"content"=>"first team"}}
Unpermitted parameter: :post
  [1m[35m (0.1ms)[0m  [1m[36mbegin transaction[0m
  ↳ app/controllers/post_controller.rb:6
  [1m[36mPost Create (0.6ms)[0m  [1m[32mINSERT INTO "posts" ("content", "created_at", "updated_at") VALUES (?, ?, ?)[0m  [["content", "first team"], ["created_at", "2018-10-05 11:51:26.939800"], ["updated_at", "2018-10-05 11:51:26.939800"]]
  ↳ app/controllers/post_controller.rb:6
  [1m[35m (3.3ms)[0m  [1m[36mcommit transaction[0m
  ↳ app/controllers/post_controller.rb:6
Completed 201 Created in 13ms (Views: 0.4ms | ActiveRecord: 4.0ms)


Started POST "/post" for 127.0.0.1 at 2018-10-05 17:23:48 +0530
Processing by PostController#create as */*
  Parameters: {"content"=>"first team", "post"=>{"content"=>"first team"}}
Unpermitted parameter: :post
  [1m[35m (0.1ms)[0m  [1m[36mbegin transaction[0m
  ↳ app/controllers/post_controller.rb:6
  [1m[36mPost Create (0.6ms)[0m  [1m[32mINSERT INTO "posts" ("content", "created_at", "updated_at") VALUES (?, ?, ?)[0m  [["content", "first team"], ["created_at", "2018-10-05 11:53:48.972932"], ["updated_at", "2018-10-05 11:53:48.972932"]]
  ↳ app/controllers/post_controller.rb:6
  [1m[35m (2.4ms)[0m  [1m[36mcommit transaction[0m
  ↳ app/controllers/post_controller.rb:6
Completed 201 Created in 8ms (Views: 0.4ms | ActiveRecord: 3.1ms)


Started POST "/post" for 127.0.0.1 at 2018-10-05 17:30:11 +0530
Processing by PostController#create as */*
  Parameters: {"content"=>"first team", "post"=>{"content"=>"first team"}}
Unpermitted parameter: :post
  [1m[35m (0.1ms)[0m  [1m[36mbegin transaction[0m
  ↳ app/controllers/post_controller.rb:6
  [1m[36mPost Create (0.6ms)[0m  [1m[32mINSERT INTO "posts" ("content", "created_at", "updated_at") VALUES (?, ?, ?)[0m  [["content", "first team"], ["created_at", "2018-10-05 12:00:11.476149"], ["updated_at", "2018-10-05 12:00:11.476149"]]
  ↳ app/controllers/post_controller.rb:6
  [1m[35m (1.3ms)[0m  [1m[36mcommit transaction[0m
  ↳ app/controllers/post_controller.rb:6
Completed 201 Created in 7ms (Views: 0.4ms | ActiveRecord: 2.0ms)


Started POST "/post" for 127.0.0.1 at 2018-10-05 17:37:27 +0530
  [1m[35m (0.2ms)[0m  [1m[34mSELECT "schema_migrations"."version" FROM "schema_migrations" ORDER BY "schema_migrations"."version" ASC[0m
  ↳ /Users/rajabose/.rvm/gems/ruby-2.5.0/gems/activerecord-5.2.1/lib/active_record/log_subscriber.rb:98
Processing by PostController#create as */*
  Parameters: {"content"=>"first team", "post"=>{"content"=>"first team"}}
Unpermitted parameter: :post
  [1m[35m (0.1ms)[0m  [1m[36mbegin transaction[0m
  ↳ app/controllers/post_controller.rb:6
  [1m[36mPost Create (0.4ms)[0m  [1m[32mINSERT INTO "posts" ("content", "created_at", "updated_at") VALUES (?, ?, ?)[0m  [["content", "first team"], ["created_at", "2018-10-05 12:07:28.120898"], ["updated_at", "2018-10-05 12:07:28.120898"]]
  ↳ app/controllers/post_controller.rb:6
  [1m[35m (0.9ms)[0m  [1m[36mcommit transaction[0m
  ↳ app/controllers/post_controller.rb:6
Completed 201 Created in 15ms (Views: 0.6ms | ActiveRecord: 1.9ms)


  [1m[36mPost Load (0.7ms)[0m  [1m[34mSELECT "posts".* FROM "posts"[0m
  [1m[35m (0.1ms)[0m  [1m[36mbegin transaction[0m
  [1m[36mPost Destroy (0.5ms)[0m  [1m[31mDELETE FROM "posts" WHERE "posts"."id" = ?[0m  [["id", 1]]
  [1m[35m (0.8ms)[0m  [1m[36mcommit transaction[0m
  [1m[35m (0.1ms)[0m  [1m[36mbegin transaction[0m
  [1m[36mPost Destroy (0.3ms)[0m  [1m[31mDELETE FROM "posts" WHERE "posts"."id" = ?[0m  [["id", 2]]
  [1m[35m (0.7ms)[0m  [1m[36mcommit transaction[0m
  [1m[35m (0.1ms)[0m  [1m[36mbegin transaction[0m
  [1m[36mPost Destroy (0.2ms)[0m  [1m[31mDELETE FROM "posts" WHERE "posts"."id" = ?[0m  [["id", 3]]
  [1m[35m (0.7ms)[0m  [1m[36mcommit transaction[0m
  [1m[35m (0.0ms)[0m  [1m[36mbegin transaction[0m
  [1m[36mPost Destroy (0.3ms)[0m  [1m[31mDELETE FROM "posts" WHERE "posts"."id" = ?[0m  [["id", 4]]
  [1m[35m (0.7ms)[0m  [1m[36mcommit transaction[0m
  [1m[35m (0.0ms)[0m  [1m[36mbegin transaction[0m
  [1m[36mPost Destroy (0.2ms)[0m  [1m[31mDELETE FROM "posts" WHERE "posts"."id" = ?[0m  [["id", 5]]
  [1m[35m (0.7ms)[0m  [1m[36mcommit transaction[0m
  [1m[35m (0.1ms)[0m  [1m[36mbegin transaction[0m
  [1m[36mPost Destroy (0.2ms)[0m  [1m[31mDELETE FROM "posts" WHERE "posts"."id" = ?[0m  [["id", 6]]
  [1m[35m (0.7ms)[0m  [1m[36mcommit transaction[0m
  [1m[35m (0.1ms)[0m  [1m[36mbegin transaction[0m
  [1m[36mPost Destroy (0.2ms)[0m  [1m[31mDELETE FROM "posts" WHERE "posts"."id" = ?[0m  [["id", 7]]
  [1m[35m (0.7ms)[0m  [1m[36mcommit transaction[0m
  [1m[35m (0.0ms)[0m  [1m[36mbegin transaction[0m
  [1m[36mPost Destroy (0.7ms)[0m  [1m[31mDELETE FROM "posts" WHERE "posts"."id" = ?[0m  [["id", 8]]
  [1m[35m (1.3ms)[0m  [1m[36mcommit transaction[0m
  [1m[35m (0.1ms)[0m  [1m[36mbegin transaction[0m
  [1m[36mPost Destroy (0.4ms)[0m  [1m[31mDELETE FROM "posts" WHERE "posts"."id" = ?[0m  [["id", 9]]
  [1m[35m (0.9ms)[0m  [1m[36mcommit transaction[0m
  [1m[35m (0.1ms)[0m  [1m[36mbegin transaction[0m
  [1m[36mPost Destroy (0.4ms)[0m  [1m[31mDELETE FROM "posts" WHERE "posts"."id" = ?[0m  [["id", 10]]
  [1m[35m (0.7ms)[0m  [1m[36mcommit transaction[0m
  [1m[35m (0.0ms)[0m  [1m[36mbegin transaction[0m
  [1m[36mPost Destroy (0.2ms)[0m  [1m[31mDELETE FROM "posts" WHERE "posts"."id" = ?[0m  [["id", 11]]
  [1m[35m (0.6ms)[0m  [1m[36mcommit transaction[0m
  [1m[35m (0.0ms)[0m  [1m[36mbegin transaction[0m
  [1m[36mPost Destroy (0.2ms)[0m  [1m[31mDELETE FROM "posts" WHERE "posts"."id" = ?[0m  [["id", 12]]
  [1m[35m (0.6ms)[0m  [1m[36mcommit transaction[0m
  [1m[35m (0.0ms)[0m  [1m[36mbegin transaction[0m
  [1m[36mPost Destroy (0.2ms)[0m  [1m[31mDELETE FROM "posts" WHERE "posts"."id" = ?[0m  [["id", 13]]
  [1m[35m (0.6ms)[0m  [1m[36mcommit transaction[0m
  [1m[35m (0.0ms)[0m  [1m[36mbegin transaction[0m
  [1m[36mPost Destroy (0.2ms)[0m  [1m[31mDELETE FROM "posts" WHERE "posts"."id" = ?[0m  [["id", 14]]
  [1m[35m (0.8ms)[0m  [1m[36mcommit transaction[0m
  [1m[35m (0.1ms)[0m  [1m[36mbegin transaction[0m
  [1m[36mPost Destroy (0.4ms)[0m  [1m[31mDELETE FROM "posts" WHERE "posts"."id" = ?[0m  [["id", 15]]
  [1m[35m (1.2ms)[0m  [1m[36mcommit transaction[0m
  [1m[35m (0.2ms)[0m  [1m[36mbegin transaction[0m
  [1m[36mPost Destroy (0.7ms)[0m  [1m[31mDELETE FROM "posts" WHERE "posts"."id" = ?[0m  [["id", 16]]
  [1m[35m (0.9ms)[0m  [1m[36mcommit transaction[0m
  [1m[35m (0.1ms)[0m  [1m[36mbegin transaction[0m
  [1m[36mPost Destroy (0.3ms)[0m  [1m[31mDELETE FROM "posts" WHERE "posts"."id" = ?[0m  [["id", 17]]
  [1m[35m (0.7ms)[0m  [1m[36mcommit transaction[0m
  [1m[35m (0.0ms)[0m  [1m[36mbegin transaction[0m
  [1m[36mPost Destroy (0.2ms)[0m  [1m[31mDELETE FROM "posts" WHERE "posts"."id" = ?[0m  [["id", 18]]
  [1m[35m (0.7ms)[0m  [1m[36mcommit transaction[0m
  [1m[35m (0.1ms)[0m  [1m[36mbegin transaction[0m
  [1m[36mPost Destroy (0.2ms)[0m  [1m[31mDELETE FROM "posts" WHERE "posts"."id" = ?[0m  [["id", 19]]
  [1m[35m (0.7ms)[0m  [1m[36mcommit transaction[0m
  [1m[35m (0.1ms)[0m  [1m[36mbegin transaction[0m
  [1m[36mPost Destroy (0.2ms)[0m  [1m[31mDELETE FROM "posts" WHERE "posts"."id" = ?[0m  [["id", 20]]
  [1m[35m (0.7ms)[0m  [1m[36mcommit transaction[0m
  [1m[35m (0.0ms)[0m  [1m[36mbegin transaction[0m
  [1m[36mPost Destroy (0.2ms)[0m  [1m[31mDELETE FROM "posts" WHERE "posts"."id" = ?[0m  [["id", 21]]
  [1m[35m (0.7ms)[0m  [1m[36mcommit transaction[0m
  [1m[35m (0.0ms)[0m  [1m[36mbegin transaction[0m
  [1m[36mPost Destroy (0.2ms)[0m  [1m[31mDELETE FROM "posts" WHERE "posts"."id" = ?[0m  [["id", 22]]
  [1m[35m (0.7ms)[0m  [1m[36mcommit transaction[0m
  [1m[35m (0.1ms)[0m  [1m[36mbegin transaction[0m
  [1m[36mPost Destroy (0.2ms)[0m  [1m[31mDELETE FROM "posts" WHERE "posts"."id" = ?[0m  [["id", 23]]
  [1m[35m (0.7ms)[0m  [1m[36mcommit transaction[0m
  [1m[35m (0.0ms)[0m  [1m[36mbegin transaction[0m
  [1m[36mPost Destroy (0.3ms)[0m  [1m[31mDELETE FROM "posts" WHERE "posts"."id" = ?[0m  [["id", 24]]
  [1m[35m (0.8ms)[0m  [1m[36mcommit transaction[0m
Started POST "/post" for 127.0.0.1 at 2018-10-05 17:38:45 +0530
Processing by PostController#create as */*
  Parameters: {"content"=>"first team", "post"=>{"content"=>"first team"}}
Unpermitted parameter: :post
  [1m[35m (0.1ms)[0m  [1m[36mbegin transaction[0m
  ↳ app/controllers/post_controller.rb:6
  [1m[36mPost Create (0.9ms)[0m  [1m[32mINSERT INTO "posts" ("content", "created_at", "updated_at") VALUES (?, ?, ?)[0m  [["content", "first team"], ["created_at", "2018-10-05 12:08:45.640501"], ["updated_at", "2018-10-05 12:08:45.640501"]]
  ↳ app/controllers/post_controller.rb:6
  [1m[35m (1.4ms)[0m  [1m[36mcommit transaction[0m
  ↳ app/controllers/post_controller.rb:6
Completed 201 Created in 8ms (Views: 0.5ms | ActiveRecord: 2.3ms)


Started POST "/post" for 127.0.0.1 at 2018-10-05 17:41:03 +0530
  [1m[35m (0.2ms)[0m  [1m[34mSELECT "schema_migrations"."version" FROM "schema_migrations" ORDER BY "schema_migrations"."version" ASC[0m
  ↳ /Users/rajabose/.rvm/gems/ruby-2.5.0/gems/activerecord-5.2.1/lib/active_record/log_subscriber.rb:98
Processing by PostController#create as */*
  Parameters: {"content"=>"first team", "post"=>{"content"=>"first team"}}
Unpermitted parameter: :post
  [1m[35m (0.1ms)[0m  [1m[36mbegin transaction[0m
  ↳ app/controllers/post_controller.rb:6
  [1m[36mPost Create (0.4ms)[0m  [1m[32mINSERT INTO "posts" ("content", "created_at", "updated_at") VALUES (?, ?, ?)[0m  [["content", "first team"], ["created_at", "2018-10-05 12:11:03.988612"], ["updated_at", "2018-10-05 12:11:03.988612"]]
  ↳ app/controllers/post_controller.rb:6
  [1m[35m (0.9ms)[0m  [1m[36mcommit transaction[0m
  ↳ app/controllers/post_controller.rb:6
Completed 201 Created in 16ms (Views: 0.5ms | ActiveRecord: 1.9ms)


Started POST "/post" for 127.0.0.1 at 2018-10-05 17:44:02 +0530
  [1m[35m (0.1ms)[0m  [1m[34mSELECT "schema_migrations"."version" FROM "schema_migrations" ORDER BY "schema_migrations"."version" ASC[0m
  ↳ /Users/rajabose/.rvm/gems/ruby-2.5.0/gems/activerecord-5.2.1/lib/active_record/log_subscriber.rb:98
Processing by PostController#create as */*
  Parameters: {"content"=>"first team", "post"=>{"content"=>"first team"}}
Unpermitted parameter: :post
  [1m[35m (0.1ms)[0m  [1m[36mbegin transaction[0m
  ↳ app/controllers/post_controller.rb:6
  [1m[36mPost Create (0.5ms)[0m  [1m[32mINSERT INTO "posts" ("content", "created_at", "updated_at") VALUES (?, ?, ?)[0m  [["content", "first team"], ["created_at", "2018-10-05 12:14:02.612237"], ["updated_at", "2018-10-05 12:14:02.612237"]]
  ↳ app/controllers/post_controller.rb:6
  [1m[35m (0.7ms)[0m  [1m[36mcommit transaction[0m
  ↳ app/controllers/post_controller.rb:6
Completed 500 Internal Server Error in 20ms (ActiveRecord: 1.8ms)


  
NoMethodError (undefined method `subscribe' for #<Post:0x00007fcceaf651a8>):
  
app/controllers/post_controller.rb:9:in `create'
Started POST "/post" for 127.0.0.1 at 2018-10-05 17:48:00 +0530
  [1m[35m (0.4ms)[0m  [1m[34mSELECT "schema_migrations"."version" FROM "schema_migrations" ORDER BY "schema_migrations"."version" ASC[0m
  ↳ /Users/rajabose/.rvm/gems/ruby-2.5.0/gems/activerecord-5.2.1/lib/active_record/log_subscriber.rb:98
Processing by PostController#create as */*
  Parameters: {"content"=>"first team", "post"=>{"content"=>"first team"}}
Unpermitted parameter: :post
  [1m[35m (0.5ms)[0m  [1m[36mbegin transaction[0m
  ↳ app/controllers/post_controller.rb:6
  [1m[36mPost Create (0.4ms)[0m  [1m[32mINSERT INTO "posts" ("content", "created_at", "updated_at") VALUES (?, ?, ?)[0m  [["content", "first team"], ["created_at", "2018-10-05 12:18:00.342779"], ["updated_at", "2018-10-05 12:18:00.342779"]]
  ↳ app/controllers/post_controller.rb:6
  [1m[35m (0.7ms)[0m  [1m[36mcommit transaction[0m
  ↳ app/controllers/post_controller.rb:6
Completed 201 Created in 18ms (Views: 0.5ms | ActiveRecord: 2.1ms)


